
Showing logs for build [32mcb-kubecd-environment-pr-192-81-4ls7g-1[0m stage [32mfrom-build-pack[0m and container [32mstep-credential-initializer-nn8rp[0m
{"level":"warn","ts":1585811480.826479,"logger":"fallback-logger","caller":"logging/config.go:69","msg":"Fetch GitHub commit ID from kodata failed: \"ref: refs/heads/0.8.0-**-support-backwards-incompats\" is not a valid GitHub commit ID"}
{"level":"info","ts":1585811480.8272278,"logger":"fallback-logger","caller":"creds-init/main.go:40","msg":"Credentials initialized."}

Showing logs for build [32mcb-kubecd-environment-pr-192-81-4ls7g-1[0m stage [32mfrom-build-pack[0m and container [32mstep-working-dir-initializer-rpsgt[0m
{"level":"warn","ts":1585811481.8558598,"logger":"fallback-logger","caller":"logging/config.go:69","msg":"Fetch GitHub commit ID from kodata failed: open /var/run/ko/HEAD: no such file or directory"}
{"level":"info","ts":1585811481.8577664,"logger":"fallback-logger","caller":"bash/main.go:64","msg":"Successfully executed command \"sh -c mkdir -p /workspace/source\"; output "}

Showing logs for build [32mcb-kubecd-environment-pr-192-81-4ls7g-1[0m stage [32mfrom-build-pack[0m and container [32mstep-place-tools[0m

Showing logs for build [32mcb-kubecd-environment-pr-192-81-4ls7g-1[0m stage [32mfrom-build-pack[0m and container [32mstep-git-source-cb-kubecd-environment-pr-192-81-4ls7g-ns4tr[0m
{"level":"warn","ts":1585811487.022236,"logger":"fallback-logger","caller":"logging/config.go:69","msg":"Fetch GitHub commit ID from kodata failed: \"ref: refs/heads/0.8.0-**-support-backwards-incompats\" is not a valid GitHub commit ID"}
{"level":"info","ts":1585811488.065962,"logger":"fallback-logger","caller":"git/git.go:103","msg":"Successfully cloned https://github.com/cb-kubecd/environment-pr-192-81-boot-gke-staging.git @ master in path /workspace/source"}

Showing logs for build [32mcb-kubecd-environment-pr-192-81-4ls7g-1[0m stage [32mfrom-build-pack[0m and container [32mstep-git-merge[0m
Using SHAs from PULL_REFS=master:a4ac5429ddc5fec137a6ac53dd0c46b1515677a6,4:a8e753b712eebcf840a028b4b8969fc5cdd6bb9a
DEBUG: LC_ALL=C JX_LOG_LEVEL=error git fetch origin --unshallow a8e753b712eebcf840a028b4b8969fc5cdd6bb9a: a4ac5429ddc5fec137a6ac53dd0c46b1515677a6:
DEBUG: ran git fetch --unshallow origin a8e753b712eebcf840a028b4b8969fc5cdd6bb9a: a4ac5429ddc5fec137a6ac53dd0c46b1515677a6: in 
DEBUG: LC_ALL=C JX_LOG_LEVEL=error git branch
DEBUG: LC_ALL=C JX_LOG_LEVEL=error git checkout master
DEBUG: ran git checkout master in 
DEBUG: JX_LOG_LEVEL=error LC_ALL=C git reset --hard a4ac5429ddc5fec137a6ac53dd0c46b1515677a6
DEBUG: ran git reset --hard a4ac5429ddc5fec137a6ac53dd0c46b1515677a6 in 
DEBUG: LC_ALL=C JX_LOG_LEVEL=error git clean -fd .
DEBUG: ran clean --force -d . in 
DEBUG: LC_ALL=C JX_LOG_LEVEL=error git merge a8e753b712eebcf840a028b4b8969fc5cdd6bb9a
DEBUG: ran git merge a8e753b712eebcf840a028b4b8969fc5cdd6bb9a in 
DEBUG: JX_LOG_LEVEL=error LC_ALL=C git log --format=%H%x1f%an%x1f%ae%x1f%cn%x1f%ce%x1f%s%n%b%x1e a4ac5429ddc5fec137a6ac53dd0c46b1515677a6..HEAD
Merged SHA a8e753b712eebcf840a028b4b8969fc5cdd6bb9a with commit message 'chore: Promote bdd-gh-1585809690 to version 0.0.1' into base branch master

Showing logs for build [32mcb-kubecd-environment-pr-192-81-4ls7g-1[0m stage [32mfrom-build-pack[0m and container [32mstep-build-helm-build[0m
WARNING: No $CHART_REPOSITORY defined so using the default value of: http://jenkins-x-chartmuseum:8080
Adding missing Helm repo: storage.googleapis.com https://storage.googleapis.com/chartmuseum.jenkins-x.io
WARNING: No secrets found on "helm/repos" due: reading the secret "helm/repos" from vault: no secret "helm/repos" not found in vault
Read credentials for https://storage.googleapis.com/chartmuseum.jenkins-x.io from vault helm/repos
Successfully added Helm repository storage.googleapis.com.
Adding missing Helm repo: jenkins-x-chartmuseum http://jenkins-x-chartmuseum:8080
WARNING: No secrets found on "helm/repos" due: reading the secret "helm/repos" from vault: no secret "helm/repos" not found in vault
Read credentials for http://jenkins-x-chartmuseum:8080 from vault helm/repos
Successfully added Helm repository jenkins-x-chartmuseum.
WARNING: No $CHART_REPOSITORY defined so using the default value of: http://jenkins-x-chartmuseum:8080
Adding missing Helm repo: chartmuseum.jenkins-x.io http://chartmuseum.jenkins-x.io
WARNING: No secrets found on "helm/repos" due: reading the secret "helm/repos" from vault: no secret "helm/repos" not found in vault
Read credentials for http://chartmuseum.jenkins-x.io from vault helm/repos
Successfully added Helm repository chartmuseum.jenkins-x.io.
