
Showing logs for build [32mcb-kubecd-environment-pr-192-81-ns7gp-1[0m stage [32mfrom-build-pack[0m and container [32mstep-credential-initializer-dkm2m[0m
{"level":"warn","ts":1585810772.9197018,"logger":"fallback-logger","caller":"logging/config.go:69","msg":"Fetch GitHub commit ID from kodata failed: \"ref: refs/heads/0.8.0-**-support-backwards-incompats\" is not a valid GitHub commit ID"}
{"level":"info","ts":1585810772.9203415,"logger":"fallback-logger","caller":"creds-init/main.go:40","msg":"Credentials initialized."}

Showing logs for build [32mcb-kubecd-environment-pr-192-81-ns7gp-1[0m stage [32mfrom-build-pack[0m and container [32mstep-working-dir-initializer-pl6j6[0m
{"level":"warn","ts":1585810773.4884179,"logger":"fallback-logger","caller":"logging/config.go:69","msg":"Fetch GitHub commit ID from kodata failed: open /var/run/ko/HEAD: no such file or directory"}
{"level":"info","ts":1585810773.4908848,"logger":"fallback-logger","caller":"bash/main.go:64","msg":"Successfully executed command \"sh -c mkdir -p /workspace/source\"; output "}

Showing logs for build [32mcb-kubecd-environment-pr-192-81-ns7gp-1[0m stage [32mfrom-build-pack[0m and container [32mstep-place-tools[0m

Showing logs for build [32mcb-kubecd-environment-pr-192-81-ns7gp-1[0m stage [32mfrom-build-pack[0m and container [32mstep-git-source-cb-kubecd-environment-pr-192-81-ns7gp-wrj7j[0m
{"level":"warn","ts":1585810777.5523453,"logger":"fallback-logger","caller":"logging/config.go:69","msg":"Fetch GitHub commit ID from kodata failed: \"ref: refs/heads/0.8.0-**-support-backwards-incompats\" is not a valid GitHub commit ID"}
{"level":"info","ts":1585810778.6508024,"logger":"fallback-logger","caller":"git/git.go:103","msg":"Successfully cloned https://github.com/cb-kubecd/environment-pr-192-81-boot-gke-staging.git @ master in path /workspace/source"}

Showing logs for build [32mcb-kubecd-environment-pr-192-81-ns7gp-1[0m stage [32mfrom-build-pack[0m and container [32mstep-git-merge[0m
Using SHAs from PULL_REFS=master:2880349438d058a156f18d1c9b870b7cb0185d36,3:bbdcecee6c99182ca57125b5bab3cb00529acf0f
DEBUG: LC_ALL=C JX_LOG_LEVEL=error git fetch origin --unshallow bbdcecee6c99182ca57125b5bab3cb00529acf0f: 2880349438d058a156f18d1c9b870b7cb0185d36:
DEBUG: ran git fetch --unshallow origin bbdcecee6c99182ca57125b5bab3cb00529acf0f: 2880349438d058a156f18d1c9b870b7cb0185d36: in 
DEBUG: LC_ALL=C JX_LOG_LEVEL=error git branch
DEBUG: LC_ALL=C JX_LOG_LEVEL=error git checkout master
DEBUG: ran git checkout master in 
DEBUG: LC_ALL=C JX_LOG_LEVEL=error git reset --hard 2880349438d058a156f18d1c9b870b7cb0185d36
DEBUG: ran git reset --hard 2880349438d058a156f18d1c9b870b7cb0185d36 in 
DEBUG: LC_ALL=C JX_LOG_LEVEL=error git clean -fd .
DEBUG: ran clean --force -d . in 
DEBUG: JX_LOG_LEVEL=error LC_ALL=C git merge bbdcecee6c99182ca57125b5bab3cb00529acf0f
DEBUG: ran git merge bbdcecee6c99182ca57125b5bab3cb00529acf0f in 
DEBUG: LC_ALL=C JX_LOG_LEVEL=error git log --format=%H%x1f%an%x1f%ae%x1f%cn%x1f%ce%x1f%s%n%b%x1e 2880349438d058a156f18d1c9b870b7cb0185d36..HEAD
Merged SHA bbdcecee6c99182ca57125b5bab3cb00529acf0f with commit message 'chore: Promote bdd-nh-1585809690 to version 0.0.1' into base branch master

Showing logs for build [32mcb-kubecd-environment-pr-192-81-ns7gp-1[0m stage [32mfrom-build-pack[0m and container [32mstep-build-helm-build[0m
WARNING: No $CHART_REPOSITORY defined so using the default value of: http://jenkins-x-chartmuseum:8080
Adding missing Helm repo: storage.googleapis.com https://storage.googleapis.com/chartmuseum.jenkins-x.io
WARNING: No secrets found on "helm/repos" due: reading the secret "helm/repos" from vault: no secret "helm/repos" not found in vault
Read credentials for https://storage.googleapis.com/chartmuseum.jenkins-x.io from vault helm/repos
Successfully added Helm repository storage.googleapis.com.
Adding missing Helm repo: jenkins-x-chartmuseum http://jenkins-x-chartmuseum:8080
WARNING: No secrets found on "helm/repos" due: reading the secret "helm/repos" from vault: no secret "helm/repos" not found in vault
Read credentials for http://jenkins-x-chartmuseum:8080 from vault helm/repos
Successfully added Helm repository jenkins-x-chartmuseum.
WARNING: No $CHART_REPOSITORY defined so using the default value of: http://jenkins-x-chartmuseum:8080
Adding missing Helm repo: chartmuseum.jenkins-x.io http://chartmuseum.jenkins-x.io
WARNING: No secrets found on "helm/repos" due: reading the secret "helm/repos" from vault: no secret "helm/repos" not found in vault
Read credentials for http://chartmuseum.jenkins-x.io from vault helm/repos
Successfully added Helm repository chartmuseum.jenkins-x.io.
